<<<<<<< HEAD
=======
[17-Oct-2025 13:57:53 UTC] Error getting librarian stats: SQLSTATE[42S22]: Column not found: 1054 Unknown column 'returned_by' in 'where clause'
[17-Oct-2025 13:57:53 UTC] Error getting recent activities: SQLSTATE[42S22]: Column not found: 1054 Unknown column 'br.returned_by' in 'where clause'
[17-Oct-2025 13:58:07 UTC] Error getting librarian stats: SQLSTATE[42S22]: Column not found: 1054 Unknown column 'returned_by' in 'where clause'
[17-Oct-2025 13:58:07 UTC] Error getting recent activities: SQLSTATE[42S22]: Column not found: 1054 Unknown column 'br.returned_by' in 'where clause'
[17-Oct-2025 16:35:27 UTC] Error getting librarian stats: SQLSTATE[42S22]: Column not found: 1054 Unknown column 'returned_by' in 'where clause'
[17-Oct-2025 16:35:27 UTC] Error getting recent activities: SQLSTATE[42S22]: Column not found: 1054 Unknown column 'br.returned_by' in 'where clause'
[17-Oct-2025 16:40:50 UTC] Error getting librarian stats: SQLSTATE[42S22]: Column not found: 1054 Unknown column 'returned_by' in 'where clause'
[17-Oct-2025 16:40:50 UTC] Error getting recent activities: SQLSTATE[42S22]: Column not found: 1054 Unknown column 'br.returned_by' in 'where clause'
[17-Oct-2025 16:53:32 UTC] Error getting librarian stats: SQLSTATE[42S22]: Column not found: 1054 Unknown column 'returned_by' in 'where clause'
[17-Oct-2025 16:53:32 UTC] Error getting recent activities: SQLSTATE[42S22]: Column not found: 1054 Unknown column 'br.returned_by' in 'where clause'
[17-Oct-2025 16:54:00 UTC] Error getting librarian stats: SQLSTATE[42S22]: Column not found: 1054 Unknown column 'returned_by' in 'where clause'
[17-Oct-2025 16:54:00 UTC] Error getting recent activities: SQLSTATE[42S22]: Column not found: 1054 Unknown column 'br.returned_by' in 'where clause'
[17-Oct-2025 17:20:19 UTC] Error getting librarian stats: SQLSTATE[42S22]: Column not found: 1054 Unknown column 'returned_by' in 'where clause'
[17-Oct-2025 17:20:19 UTC] Error getting recent activities: SQLSTATE[42S22]: Column not found: 1054 Unknown column 'br.returned_by' in 'where clause'
[17-Oct-2025 17:27:28 UTC] Error getting librarian stats: SQLSTATE[42S22]: Column not found: 1054 Unknown column 'returned_by' in 'where clause'
[17-Oct-2025 17:27:28 UTC] Error getting recent activities: SQLSTATE[42S22]: Column not found: 1054 Unknown column 'br.returned_by' in 'where clause'
[17-Oct-2025 17:29:51 UTC] Error getting librarian stats: SQLSTATE[42S22]: Column not found: 1054 Unknown column 'returned_by' in 'where clause'
[17-Oct-2025 17:29:51 UTC] Error getting recent activities: SQLSTATE[42S22]: Column not found: 1054 Unknown column 'br.returned_by' in 'where clause'
[17-Oct-2025 17:29:56 UTC] Error getting librarian stats: SQLSTATE[42S22]: Column not found: 1054 Unknown column 'returned_by' in 'where clause'
[17-Oct-2025 17:29:56 UTC] Error getting recent activities: SQLSTATE[42S22]: Column not found: 1054 Unknown column 'br.returned_by' in 'where clause'
[18-Oct-2025 09:26:44 UTC] Error getting librarian stats: SQLSTATE[42S22]: Column not found: 1054 Unknown column 'returned_by' in 'where clause'
[18-Oct-2025 09:26:44 UTC] Error getting recent activities: SQLSTATE[42S22]: Column not found: 1054 Unknown column 'br.returned_by' in 'where clause'
[18-Oct-2025 09:27:58 UTC] Error getting librarian stats: SQLSTATE[42S22]: Column not found: 1054 Unknown column 'returned_by' in 'where clause'
[18-Oct-2025 09:27:58 UTC] Error getting recent activities: SQLSTATE[42S22]: Column not found: 1054 Unknown column 'br.returned_by' in 'where clause'
[22-Oct-2025 08:30:09 UTC] Error getting librarian stats: SQLSTATE[42S22]: Column not found: 1054 Unknown column 'returned_by' in 'where clause'
[22-Oct-2025 08:30:09 UTC] Error getting recent activities: SQLSTATE[42S22]: Column not found: 1054 Unknown column 'br.returned_by' in 'where clause'
[24-Oct-2025 08:03:17 UTC] Error getting librarian stats: SQLSTATE[42S22]: Column not found: 1054 Unknown column 'returned_by' in 'where clause'
[24-Oct-2025 08:03:17 UTC] Error getting recent activities: SQLSTATE[42S22]: Column not found: 1054 Unknown column 'br.returned_by' in 'where clause'
[28-Oct-2025 09:59:02 UTC] Error getting librarian stats: SQLSTATE[42S22]: Column not found: 1054 Unknown column 'returned_by' in 'where clause'
[28-Oct-2025 09:59:02 UTC] Error getting recent activities: SQLSTATE[42S22]: Column not found: 1054 Unknown column 'br.returned_by' in 'where clause'
[28-Oct-2025 10:49:25 UTC] Error getting librarian stats: SQLSTATE[42S22]: Column not found: 1054 Unknown column 'returned_by' in 'where clause'
[28-Oct-2025 10:49:25 UTC] Error getting recent activities: SQLSTATE[42S22]: Column not found: 1054 Unknown column 'br.returned_by' in 'where clause'
[28-Oct-2025 10:49:50 UTC] Error getting librarian stats: SQLSTATE[42S22]: Column not found: 1054 Unknown column 'returned_by' in 'where clause'
[28-Oct-2025 10:49:50 UTC] Error getting recent activities: SQLSTATE[42S22]: Column not found: 1054 Unknown column 'br.returned_by' in 'where clause'
[28-Oct-2025 12:03:55 UTC] Error getting librarian stats: SQLSTATE[42S22]: Column not found: 1054 Unknown column 'returned_by' in 'where clause'
[28-Oct-2025 12:03:55 UTC] Error getting recent activities: SQLSTATE[42S22]: Column not found: 1054 Unknown column 'br.returned_by' in 'where clause'
[31-Oct-2025 06:49:28 UTC] Error getting librarian stats: SQLSTATE[42S22]: Column not found: 1054 Unknown column 'returned_by' in 'where clause'
[31-Oct-2025 06:49:28 UTC] Error getting recent activities: SQLSTATE[42S22]: Column not found: 1054 Unknown column 'br.returned_by' in 'where clause'
[31-Oct-2025 06:57:51 UTC] Error getting librarian stats: SQLSTATE[42S22]: Column not found: 1054 Unknown column 'returned_by' in 'where clause'
[31-Oct-2025 06:57:51 UTC] Error getting recent activities: SQLSTATE[42S22]: Column not found: 1054 Unknown column 'br.returned_by' in 'where clause'
[31-Oct-2025 07:00:23 UTC] Error getting recent activities: SQLSTATE[HY093]: Invalid parameter number
[31-Oct-2025 07:05:47 UTC] Error getting recent activities: SQLSTATE[HY093]: Invalid parameter number
[31-Oct-2025 07:24:13 UTC] Error getting recent activities: SQLSTATE[HY093]: Invalid parameter number
[31-Oct-2025 07:40:50 UTC] Error getting recent activities: SQLSTATE[HY093]: Invalid parameter number
[31-Oct-2025 07:41:14 UTC] Error getting recent activities: SQLSTATE[HY093]: Invalid parameter number
[31-Oct-2025 09:28:32 UTC] Error getting recent activities: SQLSTATE[HY093]: Invalid parameter number
[31-Oct-2025 10:56:30 UTC] Error getting recent activities: SQLSTATE[HY093]: Invalid parameter number
[31-Oct-2025 11:10:06 UTC] Error getting recent activities: SQLSTATE[HY093]: Invalid parameter number
[31-Oct-2025 11:30:57 UTC] Error getting recent activities: SQLSTATE[HY093]: Invalid parameter number
[31-Oct-2025 12:07:44 UTC] Error getting recent activities: SQLSTATE[HY093]: Invalid parameter number
[31-Oct-2025 12:08:34 UTC] Error getting recent activities: SQLSTATE[HY093]: Invalid parameter number
[31-Oct-2025 12:10:13 UTC] Error getting recent activities: SQLSTATE[HY093]: Invalid parameter number
[31-Oct-2025 12:19:21 UTC] Error getting recent activities: SQLSTATE[HY093]: Invalid parameter number
[31-Oct-2025 12:19:42 UTC] Error getting recent activities: SQLSTATE[HY093]: Invalid parameter number
[31-Oct-2025 12:27:41 UTC] Error getting recent activities: SQLSTATE[HY093]: Invalid parameter number
[31-Oct-2025 12:27:53 UTC] Error getting recent activities: SQLSTATE[HY093]: Invalid parameter number
[31-Oct-2025 12:28:28 UTC] Error getting recent activities: SQLSTATE[HY093]: Invalid parameter number
[31-Oct-2025 12:28:36 UTC] Error getting recent activities: SQLSTATE[HY093]: Invalid parameter number
[31-Oct-2025 12:30:43 UTC] Error getting recent activities: SQLSTATE[HY093]: Invalid parameter number
[31-Oct-2025 12:32:13 UTC] Error getting recent activities: SQLSTATE[HY093]: Invalid parameter number
[31-Oct-2025 12:32:25 UTC] Error getting recent activities: SQLSTATE[HY093]: Invalid parameter number
[02-Nov-2025 12:42:22 UTC] Error getting recent activities: SQLSTATE[HY093]: Invalid parameter number
[02-Nov-2025 12:55:49 UTC] Error getting recent activities: SQLSTATE[HY093]: Invalid parameter number
[02-Nov-2025 13:04:57 UTC] Error getting recent activities: SQLSTATE[HY093]: Invalid parameter number
[02-Nov-2025 13:05:35 UTC] Error getting recent activities: SQLSTATE[HY093]: Invalid parameter number
[02-Nov-2025 13:35:03 UTC] Error getting recent activities: SQLSTATE[HY093]: Invalid parameter number
>>>>>>> fixFinePayment
[09-Nov-2025 11:23:21 UTC] Error getting recent activities: SQLSTATE[HY093]: Invalid parameter number
[14-Nov-2025 18:34:35 UTC] Error getting recent activities: SQLSTATE[HY093]: Invalid parameter number
[14-Nov-2025 18:51:43 UTC] Error getting recent activities: SQLSTATE[HY093]: Invalid parameter number
[14-Nov-2025 18:52:18 UTC] Error getting recent activities: SQLSTATE[HY093]: Invalid parameter number
[14-Nov-2025 18:53:25 UTC] Error getting recent activities: SQLSTATE[HY093]: Invalid parameter number
[14-Nov-2025 18:54:16 UTC] Error getting recent activities: SQLSTATE[HY093]: Invalid parameter number
[14-Nov-2025 18:54:20 UTC] Error getting recent activities: SQLSTATE[HY093]: Invalid parameter number
[14-Nov-2025 19:02:16 UTC] Error getting recent activities: SQLSTATE[HY093]: Invalid parameter number
[14-Nov-2025 19:02:26 UTC] Error getting recent activities: SQLSTATE[HY093]: Invalid parameter number
[14-Nov-2025 19:03:01 UTC] Error getting recent activities: SQLSTATE[HY093]: Invalid parameter number
[14-Nov-2025 19:03:09 UTC] Error getting recent activities: SQLSTATE[HY093]: Invalid parameter number
[14-Nov-2025 19:03:47 UTC] Error getting recent activities: SQLSTATE[HY093]: Invalid parameter number
[17-Nov-2025 10:26:29 UTC] Error getting recent activities: SQLSTATE[HY093]: Invalid parameter number
[20-Nov-2025 13:45:08 UTC] Error getting recent activities: SQLSTATE[HY093]: Invalid parameter number
[20-Nov-2025 13:46:11 UTC] Error getting recent activities: SQLSTATE[HY093]: Invalid parameter number
